JoseWalletApp/app/build/intermediates/manifest_merge_blame_file/debug/processDebugMainManifest/manifest-merger-blame-debug-report.txt
1<?xml version="1.0" encoding="utf-8"?>
2<manifest xmlns:android="http://schemas.android.com/apk/res/android"
3    package="g.p.smartcalculater"
4    android:versionCode="1"
5    android:versionName="1.0" >
6
7    <uses-sdk
8        android:minSdkVersion="24"
9        android:targetSdkVersion="35" />
10
11    <uses-permission android:name="android.permission.INTERNET" />
11-->src/main/AndroidManifest.xml:5:5-66
11-->src/main/AndroidManifest.xml:5:22-64
12    <uses-permission android:name="android.permission.ACCESS_NETWORK_STATE" />
12-->[com.walletconnect:android-core-impl:1.7.0] AndroidManifest.xml:9:5-79
12-->[com.walletconnect:android-core-impl:1.7.0] AndroidManifest.xml:9:22-76
13    <uses-permission android:name="android.permission.WAKE_LOCK" /> <!-- Required by older versions of Google Play services to create IID tokens -->
13-->[com.google.android.gms:play-services-measurement-api:17.2.1] AndroidManifest.xml:24:5-68
13-->[com.google.android.gms:play-services-measurement-api:17.2.1] AndroidManifest.xml:24:22-65
14    <uses-permission android:name="com.google.android.c2dm.permission.RECEIVE" />
14-->[com.google.firebase:firebase-iid:20.0.1] AndroidManifest.xml:26:5-82
14-->[com.google.firebase:firebase-iid:20.0.1] AndroidManifest.xml:26:22-79
15    <uses-permission android:name="com.google.android.finsky.permission.BIND_GET_INSTALL_REFERRER_SERVICE" />
15-->[com.google.android.gms:play-services-measurement:17.2.1] AndroidManifest.xml:26:5-110
15-->[com.google.android.gms:play-services-measurement:17.2.1] AndroidManifest.xml:26:22-107
16
17    <permission
17-->[androidx.core:core:1.9.0] AndroidManifest.xml:22:5-24:47
18        android:name="g.p.smartcalculater.DYNAMIC_RECEIVER_NOT_EXPORTED_PERMISSION"
18-->[androidx.core:core:1.9.0] AndroidManifest.xml:23:9-81
19        android:protectionLevel="signature" />
19-->[androidx.core:core:1.9.0] AndroidManifest.xml:24:9-44
20
21    <uses-permission android:name="g.p.smartcalculater.DYNAMIC_RECEIVER_NOT_EXPORTED_PERMISSION" />
21-->[androidx.core:core:1.9.0] AndroidManifest.xml:26:5-97
21-->[androidx.core:core:1.9.0] AndroidManifest.xml:26:22-94
22
23    <application
23-->src/main/AndroidManifest.xml:7:5-47:19
24        android:allowBackup="true"
24-->src/main/AndroidManifest.xml:8:9-35
25        android:appComponentFactory="androidx.core.app.CoreComponentFactory"
25-->[androidx.core:core:1.9.0] AndroidManifest.xml:28:18-86
26        android:dataExtractionRules="@xml/data_extraction_rules"
26-->src/main/AndroidManifest.xml:9:9-65
27        android:debuggable="true"
28        android:extractNativeLibs="false"
29        android:fullBackupContent="@xml/backup_rules"
29-->src/main/AndroidManifest.xml:10:9-54
30        android:icon="@mipmap/ic_launcher"
30-->src/main/AndroidManifest.xml:12:9-43
31        android:label="@string/app_name"
31-->src/main/AndroidManifest.xml:13:9-41
32        android:roundIcon="@mipmap/ic_launcher_round"
32-->src/main/AndroidManifest.xml:14:9-54
33        android:supportsRtl="true"
33-->src/main/AndroidManifest.xml:15:9-35
34        android:theme="@style/Theme.WalletApp"
34-->src/main/AndroidManifest.xml:17:9-47
35        android:usesCleartextTraffic="true" >
35-->src/main/AndroidManifest.xml:16:9-44
36        <activity
36-->src/main/AndroidManifest.xml:20:9-27:20
37            android:name="com.jose.walletapp.SplashActivity"
37-->src/main/AndroidManifest.xml:20:19-67
38            android:exported="true" >
38-->src/main/AndroidManifest.xml:21:13-36
39            <intent-filter>
39-->src/main/AndroidManifest.xml:22:13-26:29
40                <action android:name="android.intent.action.MAIN" />
40-->src/main/AndroidManifest.xml:23:17-69
40-->src/main/AndroidManifest.xml:23:25-66
41
42                <category android:name="android.intent.category.LAUNCHER" />
42-->src/main/AndroidManifest.xml:25:17-77
42-->src/main/AndroidManifest.xml:25:27-74
43            </intent-filter>
44        </activity>
45        <activity android:name="com.jose.walletapp.MainActivity" />
45-->src/main/AndroidManifest.xml:29:9-67
45-->src/main/AndroidManifest.xml:29:19-65
46        <activity android:name="com.jose.walletapp.LoginActivity" />
46-->src/main/AndroidManifest.xml:30:9-68
46-->src/main/AndroidManifest.xml:30:19-66
47        <activity android:name="com.jose.walletapp.SignupActivity" />
47-->src/main/AndroidManifest.xml:31:9-69
47-->src/main/AndroidManifest.xml:31:19-67
48        <activity android:name="com.jose.walletapp.SendCryptoActivity" />
48-->src/main/AndroidManifest.xml:32:9-73
48-->src/main/AndroidManifest.xml:32:19-71
49        <activity
49-->src/main/AndroidManifest.xml:33:9-43:20
50            android:name="com.jose.walletapp.MyWalletActivity"
50-->src/main/AndroidManifest.xml:33:19-69
51            android:exported="true" >
51-->src/main/AndroidManifest.xml:34:13-36
52            <intent-filter>
52-->src/main/AndroidManifest.xml:35:13-42:29
53                <action android:name="android.intent.action.VIEW" />
53-->src/main/AndroidManifest.xml:36:17-68
53-->src/main/AndroidManifest.xml:36:25-66
54
55                <category android:name="android.intent.category.DEFAULT" />
55-->src/main/AndroidManifest.xml:37:17-75
55-->src/main/AndroidManifest.xml:37:27-73
56                <category android:name="android.intent.category.BROWSABLE" />
56-->src/main/AndroidManifest.xml:38:17-77
56-->src/main/AndroidManifest.xml:38:27-75
57
58                <data
58-->src/main/AndroidManifest.xml:39:17-41:40
59                    android:host="wc"
59-->src/main/AndroidManifest.xml:41:21-38
60                    android:scheme="mywallet" />
60-->src/main/AndroidManifest.xml:40:21-46
61            </intent-filter>
62        </activity>
63        <activity android:name="com.jose.walletapp.SeedPhraseActivity" />
63-->src/main/AndroidManifest.xml:44:9-73
63-->src/main/AndroidManifest.xml:44:19-71
64
65        <!--
66             FirebaseMessagingService performs security checks at runtime,
67             but set to not exported to explicitly avoid allowing another app to call it.
68        -->
69        <service
69-->[com.google.firebase:firebase-messaging:20.0.1] AndroidManifest.xml:28:9-34:19
70            android:name="com.google.firebase.messaging.FirebaseMessagingService"
70-->[com.google.firebase:firebase-messaging:20.0.1] AndroidManifest.xml:29:13-82
71            android:exported="false" >
71-->[com.google.firebase:firebase-messaging:20.0.1] AndroidManifest.xml:30:13-37
72            <intent-filter android:priority="-500" >
72-->[com.google.firebase:firebase-messaging:20.0.1] AndroidManifest.xml:31:13-33:29
72-->[com.google.firebase:firebase-messaging:20.0.1] AndroidManifest.xml:31:28-51
73                <action android:name="com.google.firebase.MESSAGING_EVENT" />
73-->[com.google.firebase:firebase-messaging:20.0.1] AndroidManifest.xml:32:17-78
73-->[com.google.firebase:firebase-messaging:20.0.1] AndroidManifest.xml:32:25-75
74            </intent-filter>
75        </service>
76
77        <activity
77-->[com.google.firebase:firebase-auth:19.2.0] AndroidManifest.xml:24:9-31:50
78            android:name="com.google.firebase.auth.internal.FederatedSignInActivity"
78-->[com.google.firebase:firebase-auth:19.2.0] AndroidManifest.xml:25:13-85
79            android:excludeFromRecents="true"
79-->[com.google.firebase:firebase-auth:19.2.0] AndroidManifest.xml:26:13-46
80            android:exported="true"
80-->[com.google.firebase:firebase-auth:19.2.0] AndroidManifest.xml:27:13-36
81            android:launchMode="singleTask"
81-->[com.google.firebase:firebase-auth:19.2.0] AndroidManifest.xml:28:13-44
82            android:permission="com.google.firebase.auth.api.gms.permission.LAUNCH_FEDERATED_SIGN_IN"
82-->[com.google.firebase:firebase-auth:19.2.0] AndroidManifest.xml:29:13-102
83            android:theme="@android:style/Theme.Translucent.NoTitleBar" />
83-->[com.google.firebase:firebase-auth:19.2.0] AndroidManifest.xml:30:13-72
84
85        <service
85-->[com.google.firebase:firebase-auth:19.2.0] AndroidManifest.xml:33:9-39:19
86            android:name="com.google.firebase.components.ComponentDiscoveryService"
86-->[com.google.firebase:firebase-auth:19.2.0] AndroidManifest.xml:34:13-84
87            android:directBootAware="true"
87-->[com.google.firebase:firebase-common:19.3.0] AndroidManifest.xml:34:13-43
88            android:exported="false" >
88-->[com.google.firebase:firebase-auth:19.2.0] AndroidManifest.xml:35:13-37
89            <meta-data
89-->[com.google.firebase:firebase-auth:19.2.0] AndroidManifest.xml:36:13-38:85
90                android:name="com.google.firebase.components:com.google.firebase.auth.FirebaseAuthRegistrar"
90-->[com.google.firebase:firebase-auth:19.2.0] AndroidManifest.xml:37:17-109
91                android:value="com.google.firebase.components.ComponentRegistrar" />
91-->[com.google.firebase:firebase-auth:19.2.0] AndroidManifest.xml:38:17-82
92            <meta-data
92-->[com.google.firebase:firebase-database:19.2.0] AndroidManifest.xml:32:13-34:85
93                android:name="com.google.firebase.components:com.google.firebase.database.DatabaseRegistrar"
93-->[com.google.firebase:firebase-database:19.2.0] AndroidManifest.xml:33:17-109
94                android:value="com.google.firebase.components.ComponentRegistrar" />
94-->[com.google.firebase:firebase-database:19.2.0] AndroidManifest.xml:34:17-82
95            <meta-data
95-->[com.google.firebase:firebase-storage:19.1.0] AndroidManifest.xml:33:13-35:85
96                android:name="com.google.firebase.components:com.google.firebase.storage.StorageRegistrar"
96-->[com.google.firebase:firebase-storage:19.1.0] AndroidManifest.xml:34:17-107
97                android:value="com.google.firebase.components.ComponentRegistrar" />
97-->[com.google.firebase:firebase-storage:19.1.0] AndroidManifest.xml:35:17-82
98            <meta-data
98-->[com.google.android.gms:play-services-measurement-api:17.2.1] AndroidManifest.xml:30:13-32:85
99                android:name="com.google.firebase.components:com.google.firebase.analytics.connector.internal.AnalyticsConnectorRegistrar"
99-->[com.google.android.gms:play-services-measurement-api:17.2.1] AndroidManifest.xml:31:17-139
100                android:value="com.google.firebase.components.ComponentRegistrar" />
100-->[com.google.android.gms:play-services-measurement-api:17.2.1] AndroidManifest.xml:32:17-82
101            <meta-data
101-->[com.google.firebase:firebase-iid:20.0.1] AndroidManifest.xml:32:13-34:85
102                android:name="com.google.firebase.components:com.google.firebase.iid.Registrar"
102-->[com.google.firebase:firebase-iid:20.0.1] AndroidManifest.xml:33:17-96
103                android:value="com.google.firebase.components.ComponentRegistrar" />
103-->[com.google.firebase:firebase-iid:20.0.1] AndroidManifest.xml:34:17-82
104        </service>
105
106        <receiver
106-->[com.google.firebase:firebase-iid:20.0.1] AndroidManifest.xml:37:9-44:20
107            android:name="com.google.firebase.iid.FirebaseInstanceIdReceiver"
107-->[com.google.firebase:firebase-iid:20.0.1] AndroidManifest.xml:38:13-78
108            android:exported="true"
108-->[com.google.firebase:firebase-iid:20.0.1] AndroidManifest.xml:39:13-36
109            android:permission="com.google.android.c2dm.permission.SEND" >
109-->[com.google.firebase:firebase-iid:20.0.1] AndroidManifest.xml:40:13-73
110            <intent-filter>
110-->[com.google.firebase:firebase-iid:20.0.1] AndroidManifest.xml:41:13-43:29
111                <action android:name="com.google.android.c2dm.intent.RECEIVE" />
111-->[com.google.firebase:firebase-iid:20.0.1] AndroidManifest.xml:42:17-81
111-->[com.google.firebase:firebase-iid:20.0.1] AndroidManifest.xml:42:25-78
112            </intent-filter>
113        </receiver>
114
115        <provider
115-->[com.google.firebase:firebase-common:19.3.0] AndroidManifest.xml:26:9-30:39
116            android:name="com.google.firebase.provider.FirebaseInitProvider"
116-->[com.google.firebase:firebase-common:19.3.0] AndroidManifest.xml:27:13-77
117            android:authorities="g.p.smartcalculater.firebaseinitprovider"
117-->[com.google.firebase:firebase-common:19.3.0] AndroidManifest.xml:28:13-72
118            android:exported="false"
118-->[com.google.firebase:firebase-common:19.3.0] AndroidManifest.xml:29:13-37
119            android:initOrder="100" />
119-->[com.google.firebase:firebase-common:19.3.0] AndroidManifest.xml:30:13-36
120
121        <activity
121-->[com.google.android.gms:play-services-base:17.1.0] AndroidManifest.xml:23:9-26:75
122            android:name="com.google.android.gms.common.api.GoogleApiActivity"
122-->[com.google.android.gms:play-services-base:17.1.0] AndroidManifest.xml:24:13-79
123            android:exported="false"
123-->[com.google.android.gms:play-services-base:17.1.0] AndroidManifest.xml:25:13-37
124            android:theme="@android:style/Theme.Translucent.NoTitleBar" />
124-->[com.google.android.gms:play-services-base:17.1.0] AndroidManifest.xml:26:13-72
125
126        <receiver
126-->[com.google.android.gms:play-services-measurement:17.2.1] AndroidManifest.xml:29:9-33:20
127            android:name="com.google.android.gms.measurement.AppMeasurementReceiver"
127-->[com.google.android.gms:play-services-measurement:17.2.1] AndroidManifest.xml:30:13-85
128            android:enabled="true"
128-->[com.google.android.gms:play-services-measurement:17.2.1] AndroidManifest.xml:31:13-35
129            android:exported="false" >
129-->[com.google.android.gms:play-services-measurement:17.2.1] AndroidManifest.xml:32:13-37
130        </receiver>
131        <receiver
131-->[com.google.android.gms:play-services-measurement:17.2.1] AndroidManifest.xml:34:9-42:20
132            android:name="com.google.android.gms.measurement.AppMeasurementInstallReferrerReceiver"
132-->[com.google.android.gms:play-services-measurement:17.2.1] AndroidManifest.xml:35:13-100
133            android:enabled="true"
133-->[com.google.android.gms:play-services-measurement:17.2.1] AndroidManifest.xml:36:13-35
134            android:exported="true"
134-->[com.google.android.gms:play-services-measurement:17.2.1] AndroidManifest.xml:37:13-36
135            android:permission="android.permission.INSTALL_PACKAGES" >
135-->[com.google.android.gms:play-services-measurement:17.2.1] AndroidManifest.xml:38:13-69
136            <intent-filter>
136-->[com.google.android.gms:play-services-measurement:17.2.1] AndroidManifest.xml:39:13-41:29
137                <action android:name="com.android.vending.INSTALL_REFERRER" />
137-->[com.google.android.gms:play-services-measurement:17.2.1] AndroidManifest.xml:40:17-79
137-->[com.google.android.gms:play-services-measurement:17.2.1] AndroidManifest.xml:40:25-76
138            </intent-filter>
139        </receiver>
140
141        <service
141-->[com.google.android.gms:play-services-measurement:17.2.1] AndroidManifest.xml:44:9-47:40
142            android:name="com.google.android.gms.measurement.AppMeasurementService"
142-->[com.google.android.gms:play-services-measurement:17.2.1] AndroidManifest.xml:45:13-84
143            android:enabled="true"
143-->[com.google.android.gms:play-services-measurement:17.2.1] AndroidManifest.xml:46:13-35
144            android:exported="false" />
144-->[com.google.android.gms:play-services-measurement:17.2.1] AndroidManifest.xml:47:13-37
145        <service
145-->[com.google.android.gms:play-services-measurement:17.2.1] AndroidManifest.xml:48:9-52:72
146            android:name="com.google.android.gms.measurement.AppMeasurementJobService"
146-->[com.google.android.gms:play-services-measurement:17.2.1] AndroidManifest.xml:49:13-87
147            android:enabled="true"
147-->[com.google.android.gms:play-services-measurement:17.2.1] AndroidManifest.xml:50:13-35
148            android:exported="false"
148-->[com.google.android.gms:play-services-measurement:17.2.1] AndroidManifest.xml:51:13-37
149            android:permission="android.permission.BIND_JOB_SERVICE" />
149-->[com.google.android.gms:play-services-measurement:17.2.1] AndroidManifest.xml:52:13-69
150
151        <meta-data
151-->[com.google.android.gms:play-services-basement:17.0.0] AndroidManifest.xml:23:9-25:69
152            android:name="com.google.android.gms.version"
152-->[com.google.android.gms:play-services-basement:17.0.0] AndroidManifest.xml:24:13-58
153            android:value="@integer/google_play_services_version" />
153-->[com.google.android.gms:play-services-basement:17.0.0] AndroidManifest.xml:25:13-66
154
155        <provider
155-->[androidx.emoji2:emoji2:1.2.0] AndroidManifest.xml:24:9-32:20
156            android:name="androidx.startup.InitializationProvider"
156-->[androidx.emoji2:emoji2:1.2.0] AndroidManifest.xml:25:13-67
157            android:authorities="g.p.smartcalculater.androidx-startup"
157-->[androidx.emoji2:emoji2:1.2.0] AndroidManifest.xml:26:13-68
158            android:exported="false" >
158-->[androidx.emoji2:emoji2:1.2.0] AndroidManifest.xml:27:13-37
159            <meta-data
159-->[androidx.emoji2:emoji2:1.2.0] AndroidManifest.xml:29:13-31:52
160                android:name="androidx.emoji2.text.EmojiCompatInitializer"
160-->[androidx.emoji2:emoji2:1.2.0] AndroidManifest.xml:30:17-75
161                android:value="androidx.startup" />
161-->[androidx.emoji2:emoji2:1.2.0] AndroidManifest.xml:31:17-49
162            <meta-data
162-->[androidx.lifecycle:lifecycle-process:2.6.1] AndroidManifest.xml:29:13-31:52
163                android:name="androidx.lifecycle.ProcessLifecycleInitializer"
163-->[androidx.lifecycle:lifecycle-process:2.6.1] AndroidManifest.xml:30:17-78
164                android:value="androidx.startup" />
164-->[androidx.lifecycle:lifecycle-process:2.6.1] AndroidManifest.xml:31:17-49
165            <meta-data
165-->[androidx.profileinstaller:profileinstaller:1.3.0] AndroidManifest.xml:29:13-31:52
166                android:name="androidx.profileinstaller.ProfileInstallerInitializer"
166-->[androidx.profileinstaller:profileinstaller:1.3.0] AndroidManifest.xml:30:17-85
167                android:value="androidx.startup" />
167-->[androidx.profileinstaller:profileinstaller:1.3.0] AndroidManifest.xml:31:17-49
168        </provider>
169
170        <receiver
170-->[androidx.profileinstaller:profileinstaller:1.3.0] AndroidManifest.xml:34:9-52:20
171            android:name="androidx.profileinstaller.ProfileInstallReceiver"
171-->[androidx.profileinstaller:profileinstaller:1.3.0] AndroidManifest.xml:35:13-76
172            android:directBootAware="false"
172-->[androidx.profileinstaller:profileinstaller:1.3.0] AndroidManifest.xml:36:13-44
173            android:enabled="true"
173-->[androidx.profileinstaller:profileinstaller:1.3.0] AndroidManifest.xml:37:13-35
174            android:exported="true"
174-->[androidx.profileinstaller:profileinstaller:1.3.0] AndroidManifest.xml:38:13-36
175            android:permission="android.permission.DUMP" >
175-->[androidx.profileinstaller:profileinstaller:1.3.0] AndroidManifest.xml:39:13-57
176            <intent-filter>
176-->[androidx.profileinstaller:profileinstaller:1.3.0] AndroidManifest.xml:40:13-42:29
177                <action android:name="androidx.profileinstaller.action.INSTALL_PROFILE" />
177-->[androidx.profileinstaller:profileinstaller:1.3.0] AndroidManifest.xml:41:17-91
177-->[androidx.profileinstaller:profileinstaller:1.3.0] AndroidManifest.xml:41:25-88
178            </intent-filter>
179            <intent-filter>
179-->[androidx.profileinstaller:profileinstaller:1.3.0] AndroidManifest.xml:43:13-45:29
180                <action android:name="androidx.profileinstaller.action.SKIP_FILE" />
180-->[androidx.profileinstaller:profileinstaller:1.3.0] AndroidManifest.xml:44:17-85
180-->[androidx.profileinstaller:profileinstaller:1.3.0] AndroidManifest.xml:44:25-82
181            </intent-filter>
182            <intent-filter>
182-->[androidx.profileinstaller:profileinstaller:1.3.0] AndroidManifest.xml:46:13-48:29
183                <action android:name="androidx.profileinstaller.action.SAVE_PROFILE" />
183-->[androidx.profileinstaller:profileinstaller:1.3.0] AndroidManifest.xml:47:17-88
183-->[androidx.profileinstaller:profileinstaller:1.3.0] AndroidManifest.xml:47:25-85
184            </intent-filter>
185            <intent-filter>
185-->[androidx.profileinstaller:profileinstaller:1.3.0] AndroidManifest.xml:49:13-51:29
186                <action android:name="androidx.profileinstaller.action.BENCHMARK_OPERATION" />
186-->[androidx.profileinstaller:profileinstaller:1.3.0] AndroidManifest.xml:50:17-95
186-->[androidx.profileinstaller:profileinstaller:1.3.0] AndroidManifest.xml:50:25-92
187            </intent-filter>
188        </receiver>
189    </application>
190
191</manifest>